2021-10-31 13:44:25,331 POST http://localhost:58526/session {"capabilities": {"firstMatch": [{}], "alwaysMatch": {"browserName": "chrome", "pageLoadStrategy": "normal", "goog:chromeOptions": {"extensions": [], "args": []}}}, "desiredCapabilities": {"browserName": "chrome", "pageLoadStrategy": "normal", "goog:chromeOptions": {"extensions": [], "args": []}}}
2021-10-31 13:44:25,334 Starting new HTTP connection (1): localhost:58526
2021-10-31 13:44:27,546 http://localhost:58526 "POST /session HTTP/1.1" 200 798
2021-10-31 13:44:27,547 Finished Request
2021-10-31 13:44:27,547 POST http://localhost:58526/session/16789d89daaa7358a017da8ecc67d023/url {"url": "https://youtube.com"}
2021-10-31 13:44:33,659 http://localhost:58526 "POST /session/16789d89daaa7358a017da8ecc67d023/url HTTP/1.1" 200 14
2021-10-31 13:44:33,659 Finished Request
2021-10-31 13:44:33,659 Looking for cookie info...
2021-10-31 13:44:33,659 POST http://localhost:58526/session/16789d89daaa7358a017da8ecc67d023/element {"using": "css selector", "value": "tp-yt-paper-dialog#dialog.style-scope.ytd-consent-bump-v2-lightbox"}
2021-10-31 13:44:33,817 http://localhost:58526 "POST /session/16789d89daaa7358a017da8ecc67d023/element HTTP/1.1" 200 88
2021-10-31 13:44:33,834 Finished Request
2021-10-31 13:44:33,834 Cookie modal found
2021-10-31 13:44:33,834 POST http://localhost:58526/session/16789d89daaa7358a017da8ecc67d023/execute/sync {"script": "\n            var element = arguments[0];\n            element.parentNode.removeChild(element);\n            ", "args": [{"element-6066-11e4-a52e-4f735466cecf": "a21c65b6-d13a-4836-bf3b-e08df93af52e"}]}
2021-10-31 13:44:33,904 http://localhost:58526 "POST /session/16789d89daaa7358a017da8ecc67d023/execute/sync HTTP/1.1" 200 14
2021-10-31 13:44:33,904 Finished Request
2021-10-31 13:44:33,904 Cookie modal deleted from page
2021-10-31 13:44:33,904 searching...
2021-10-31 13:44:33,905 POST http://localhost:58526/session/16789d89daaa7358a017da8ecc67d023/element {"using": "css selector", "value": "input#search"}
2021-10-31 13:44:33,931 http://localhost:58526 "POST /session/16789d89daaa7358a017da8ecc67d023/element HTTP/1.1" 200 88
2021-10-31 13:44:33,931 Finished Request
2021-10-31 13:44:33,989 Starting new HTTPS connection (1): api.wordnik.com:443
2021-10-31 13:44:34,789 https://api.wordnik.com:443 "GET /v4/words.json/randomWord?api_key=d1468251dcc15bd72245101c1fc07fae5c3747257092d3230 HTTP/1.1" 200 None
2021-10-31 13:44:34,792 POST http://localhost:58526/session/16789d89daaa7358a017da8ecc67d023/element/2148f2cf-42d8-40b2-90b5-ba087a54f502/value {"text": "deported", "value": ["d", "e", "p", "o", "r", "t", "e", "d"], "id": "2148f2cf-42d8-40b2-90b5-ba087a54f502"}
2021-10-31 13:44:35,040 http://localhost:58526 "POST /session/16789d89daaa7358a017da8ecc67d023/element/2148f2cf-42d8-40b2-90b5-ba087a54f502/value HTTP/1.1" 200 14
2021-10-31 13:44:35,041 Finished Request
2021-10-31 13:44:35,041 POST http://localhost:58526/session/16789d89daaa7358a017da8ecc67d023/element/2148f2cf-42d8-40b2-90b5-ba087a54f502/value {"text": "\ue006", "value": ["\ue006"], "id": "2148f2cf-42d8-40b2-90b5-ba087a54f502"}
2021-10-31 13:44:35,490 http://localhost:58526 "POST /session/16789d89daaa7358a017da8ecc67d023/element/2148f2cf-42d8-40b2-90b5-ba087a54f502/value HTTP/1.1" 200 14
2021-10-31 13:44:35,491 Finished Request
2021-10-31 13:44:35,491 POST http://localhost:58526/session/16789d89daaa7358a017da8ecc67d023/element {"using": "css selector", "value": "yt-icon.image.style-scope.ytd-background-promo-renderer"}
2021-10-31 13:44:35,713 http://localhost:58526 "POST /session/16789d89daaa7358a017da8ecc67d023/element HTTP/1.1" 404 1566
2021-10-31 13:44:35,713 Finished Request
2021-10-31 13:44:36,218 POST http://localhost:58526/session/16789d89daaa7358a017da8ecc67d023/element {"using": "css selector", "value": "yt-icon.image.style-scope.ytd-background-promo-renderer"}
2021-10-31 13:44:36,581 http://localhost:58526 "POST /session/16789d89daaa7358a017da8ecc67d023/element HTTP/1.1" 404 1566
2021-10-31 13:44:36,581 Finished Request
2021-10-31 13:44:37,086 POST http://localhost:58526/session/16789d89daaa7358a017da8ecc67d023/element {"using": "css selector", "value": "yt-icon.image.style-scope.ytd-background-promo-renderer"}
2021-10-31 13:44:37,189 http://localhost:58526 "POST /session/16789d89daaa7358a017da8ecc67d023/element HTTP/1.1" 404 1566
2021-10-31 13:44:37,199 Finished Request
2021-10-31 13:44:37,700 deported gave video results.
2021-10-31 13:44:37,700 POST http://localhost:58526/session/16789d89daaa7358a017da8ecc67d023/element {"using": "css selector", "value": "a#thumbnail.yt-simple-endpoint.inline-block.style-scope.ytd-thumbnail"}
2021-10-31 13:44:37,710 http://localhost:58526 "POST /session/16789d89daaa7358a017da8ecc67d023/element HTTP/1.1" 200 88
2021-10-31 13:44:37,710 Finished Request
2021-10-31 13:44:37,710 Thumbnail was found.
2021-10-31 13:44:37,711 POST http://localhost:58526/session/16789d89daaa7358a017da8ecc67d023/actions {"actions": [{"type": "pointer", "parameters": {"pointerType": "mouse"}, "id": "mouse", "actions": [{"type": "pointerMove", "duration": 250, "x": 0, "y": 0, "origin": {"element-6066-11e4-a52e-4f735466cecf": "ef9c30ce-8bc5-4d21-b209-ef43230850c5"}}, {"type": "pointerMove", "duration": 250, "x": 0, "y": 0, "origin": {"element-6066-11e4-a52e-4f735466cecf": "ef9c30ce-8bc5-4d21-b209-ef43230850c5"}}, {"type": "pointerDown", "duration": 0, "button": 0}, {"type": "pointerUp", "duration": 0, "button": 0}]}, {"type": "key", "id": "key", "actions": [{"type": "pause", "duration": 0}, {"type": "pause", "duration": 0}, {"type": "pause", "duration": 0}, {"type": "pause", "duration": 0}]}]}
2021-10-31 13:44:38,561 http://localhost:58526 "POST /session/16789d89daaa7358a017da8ecc67d023/actions HTTP/1.1" 200 14
2021-10-31 13:44:38,562 Finished Request
2021-10-31 13:44:38,562 POST http://localhost:58526/session/16789d89daaa7358a017da8ecc67d023/element {"using": "css selector", "value": "div#player.style-scope.ytd-watch-flexy"}
2021-10-31 13:44:38,607 http://localhost:58526 "POST /session/16789d89daaa7358a017da8ecc67d023/element HTTP/1.1" 200 88
2021-10-31 13:44:38,616 Finished Request
2021-10-31 13:44:38,878 STREAM b'IHDR' 16 13
2021-10-31 13:44:38,878 STREAM b'iCCP' 41 3181
2021-10-31 13:44:38,878 iCCP profile name b'ICC Profile'
2021-10-31 13:44:38,878 Compression method 0
2021-10-31 13:44:38,878 STREAM b'eXIf' 3234 138
2021-10-31 13:44:38,878 STREAM b'pHYs' 3384 9
2021-10-31 13:44:38,878 STREAM b'iTXt' 3405 472
2021-10-31 13:44:38,878 STREAM b'iDOT' 3889 28
2021-10-31 13:44:38,878 b'iDOT' 3889 28 (unknown)
2021-10-31 13:44:38,879 STREAM b'IDAT' 3929 16384
2021-10-31 13:44:39,028 starting recording video...
2021-10-31 13:44:39,112 starting recording audio... 
2021-10-31 13:44:39,771 STREAM b'IHDR' 16 13
2021-10-31 13:44:39,789 STREAM b'iCCP' 41 3181
2021-10-31 13:44:39,789 iCCP profile name b'ICC Profile'
2021-10-31 13:44:39,789 Compression method 0
2021-10-31 13:44:39,789 STREAM b'eXIf' 3234 138
2021-10-31 13:44:39,789 STREAM b'pHYs' 3384 9
2021-10-31 13:44:39,789 STREAM b'iTXt' 3405 472
2021-10-31 13:44:39,789 STREAM b'iDOT' 3889 28
2021-10-31 13:44:39,789 b'iDOT' 3889 28 (unknown)
2021-10-31 13:44:39,789 STREAM b'IDAT' 3929 16384
2021-10-31 13:44:40,115 STREAM b'IHDR' 16 13
2021-10-31 13:44:40,115 STREAM b'iCCP' 41 3181
2021-10-31 13:44:40,115 iCCP profile name b'ICC Profile'
2021-10-31 13:44:40,115 Compression method 0
2021-10-31 13:44:40,115 STREAM b'eXIf' 3234 138
2021-10-31 13:44:40,115 STREAM b'pHYs' 3384 9
2021-10-31 13:44:40,115 STREAM b'iTXt' 3405 472
2021-10-31 13:44:40,115 STREAM b'iDOT' 3889 28
2021-10-31 13:44:40,115 b'iDOT' 3889 28 (unknown)
2021-10-31 13:44:40,115 STREAM b'IDAT' 3929 16384
2021-10-31 13:44:40,415 STREAM b'IHDR' 16 13
2021-10-31 13:44:40,416 STREAM b'iCCP' 41 3181
2021-10-31 13:44:40,416 iCCP profile name b'ICC Profile'
2021-10-31 13:44:40,416 Compression method 0
2021-10-31 13:44:40,416 STREAM b'eXIf' 3234 138
2021-10-31 13:44:40,416 STREAM b'pHYs' 3384 9
2021-10-31 13:44:40,416 STREAM b'iTXt' 3405 472
2021-10-31 13:44:40,416 STREAM b'iDOT' 3889 28
2021-10-31 13:44:40,416 b'iDOT' 3889 28 (unknown)
2021-10-31 13:44:40,416 STREAM b'IDAT' 3929 16384
2021-10-31 13:44:40,719 STREAM b'IHDR' 16 13
2021-10-31 13:44:40,720 STREAM b'iCCP' 41 3181
2021-10-31 13:44:40,720 iCCP profile name b'ICC Profile'
2021-10-31 13:44:40,720 Compression method 0
2021-10-31 13:44:40,720 STREAM b'eXIf' 3234 138
2021-10-31 13:44:40,720 STREAM b'pHYs' 3384 9
2021-10-31 13:44:40,720 STREAM b'iTXt' 3405 472
2021-10-31 13:44:40,720 STREAM b'iDOT' 3889 28
2021-10-31 13:44:40,720 b'iDOT' 3889 28 (unknown)
2021-10-31 13:44:40,720 STREAM b'IDAT' 3929 16384
2021-10-31 13:44:41,026 STREAM b'IHDR' 16 13
2021-10-31 13:44:41,026 STREAM b'iCCP' 41 3181
2021-10-31 13:44:41,026 iCCP profile name b'ICC Profile'
2021-10-31 13:44:41,026 Compression method 0
2021-10-31 13:44:41,026 STREAM b'eXIf' 3234 138
2021-10-31 13:44:41,026 STREAM b'pHYs' 3384 9
2021-10-31 13:44:41,026 STREAM b'iTXt' 3405 472
2021-10-31 13:44:41,026 STREAM b'iDOT' 3889 28
2021-10-31 13:44:41,026 b'iDOT' 3889 28 (unknown)
2021-10-31 13:44:41,026 STREAM b'IDAT' 3929 16384
2021-10-31 13:44:41,331 STREAM b'IHDR' 16 13
2021-10-31 13:44:41,331 STREAM b'iCCP' 41 3181
2021-10-31 13:44:41,331 iCCP profile name b'ICC Profile'
2021-10-31 13:44:41,331 Compression method 0
2021-10-31 13:44:41,331 STREAM b'eXIf' 3234 138
2021-10-31 13:44:41,331 STREAM b'pHYs' 3384 9
2021-10-31 13:44:41,331 STREAM b'iTXt' 3405 472
2021-10-31 13:44:41,331 STREAM b'iDOT' 3889 28
2021-10-31 13:44:41,331 b'iDOT' 3889 28 (unknown)
2021-10-31 13:44:41,331 STREAM b'IDAT' 3929 16384
2021-10-31 13:44:41,649 STREAM b'IHDR' 16 13
2021-10-31 13:44:41,650 STREAM b'iCCP' 41 3181
2021-10-31 13:44:41,650 iCCP profile name b'ICC Profile'
2021-10-31 13:44:41,650 Compression method 0
2021-10-31 13:44:41,650 STREAM b'eXIf' 3234 138
2021-10-31 13:44:41,650 STREAM b'pHYs' 3384 9
2021-10-31 13:44:41,650 STREAM b'iTXt' 3405 472
2021-10-31 13:44:41,650 STREAM b'iDOT' 3889 28
2021-10-31 13:44:41,650 b'iDOT' 3889 28 (unknown)
2021-10-31 13:44:41,650 STREAM b'IDAT' 3929 16384
2021-10-31 13:44:42,024 STREAM b'IHDR' 16 13
2021-10-31 13:44:42,025 STREAM b'iCCP' 41 3181
2021-10-31 13:44:42,025 iCCP profile name b'ICC Profile'
2021-10-31 13:44:42,025 Compression method 0
2021-10-31 13:44:42,025 STREAM b'eXIf' 3234 138
2021-10-31 13:44:42,025 STREAM b'pHYs' 3384 9
2021-10-31 13:44:42,025 STREAM b'iTXt' 3405 472
2021-10-31 13:44:42,025 STREAM b'iDOT' 3889 28
2021-10-31 13:44:42,025 b'iDOT' 3889 28 (unknown)
2021-10-31 13:44:42,025 STREAM b'IDAT' 3929 16384
2021-10-31 13:44:42,371 STREAM b'IHDR' 16 13
2021-10-31 13:44:42,372 STREAM b'iCCP' 41 3181
2021-10-31 13:44:42,372 iCCP profile name b'ICC Profile'
2021-10-31 13:44:42,372 Compression method 0
2021-10-31 13:44:42,372 STREAM b'eXIf' 3234 138
2021-10-31 13:44:42,372 STREAM b'pHYs' 3384 9
2021-10-31 13:44:42,372 STREAM b'iTXt' 3405 472
2021-10-31 13:44:42,372 STREAM b'iDOT' 3889 28
2021-10-31 13:44:42,372 b'iDOT' 3889 28 (unknown)
2021-10-31 13:44:42,372 STREAM b'IDAT' 3929 16384
2021-10-31 13:44:42,709 STREAM b'IHDR' 16 13
2021-10-31 13:44:42,709 STREAM b'iCCP' 41 3181
2021-10-31 13:44:42,709 iCCP profile name b'ICC Profile'
2021-10-31 13:44:42,709 Compression method 0
2021-10-31 13:44:42,709 STREAM b'eXIf' 3234 138
2021-10-31 13:44:42,709 STREAM b'pHYs' 3384 9
2021-10-31 13:44:42,709 STREAM b'iTXt' 3405 472
2021-10-31 13:44:42,709 STREAM b'iDOT' 3889 28
2021-10-31 13:44:42,709 b'iDOT' 3889 28 (unknown)
2021-10-31 13:44:42,709 STREAM b'IDAT' 3929 16384
2021-10-31 13:44:43,041 STREAM b'IHDR' 16 13
2021-10-31 13:44:43,041 STREAM b'iCCP' 41 3181
2021-10-31 13:44:43,041 iCCP profile name b'ICC Profile'
2021-10-31 13:44:43,041 Compression method 0
2021-10-31 13:44:43,042 STREAM b'eXIf' 3234 138
2021-10-31 13:44:43,042 STREAM b'pHYs' 3384 9
2021-10-31 13:44:43,042 STREAM b'iTXt' 3405 472
2021-10-31 13:44:43,042 STREAM b'iDOT' 3889 28
2021-10-31 13:44:43,042 b'iDOT' 3889 28 (unknown)
2021-10-31 13:44:43,042 STREAM b'IDAT' 3929 16384
2021-10-31 13:44:43,378 STREAM b'IHDR' 16 13
2021-10-31 13:44:43,379 STREAM b'iCCP' 41 3181
2021-10-31 13:44:43,379 iCCP profile name b'ICC Profile'
2021-10-31 13:44:43,379 Compression method 0
2021-10-31 13:44:43,379 STREAM b'eXIf' 3234 138
2021-10-31 13:44:43,379 STREAM b'pHYs' 3384 9
2021-10-31 13:44:43,379 STREAM b'iTXt' 3405 472
2021-10-31 13:44:43,379 STREAM b'iDOT' 3889 28
2021-10-31 13:44:43,379 b'iDOT' 3889 28 (unknown)
2021-10-31 13:44:43,379 STREAM b'IDAT' 3929 16384
2021-10-31 13:44:43,718 STREAM b'IHDR' 16 13
2021-10-31 13:44:43,718 STREAM b'iCCP' 41 3181
2021-10-31 13:44:43,718 iCCP profile name b'ICC Profile'
2021-10-31 13:44:43,718 Compression method 0
2021-10-31 13:44:43,718 STREAM b'eXIf' 3234 138
2021-10-31 13:44:43,718 STREAM b'pHYs' 3384 9
2021-10-31 13:44:43,718 STREAM b'iTXt' 3405 472
2021-10-31 13:44:43,718 STREAM b'iDOT' 3889 28
2021-10-31 13:44:43,718 b'iDOT' 3889 28 (unknown)
2021-10-31 13:44:43,718 STREAM b'IDAT' 3929 16384
2021-10-31 13:44:44,071 STREAM b'IHDR' 16 13
2021-10-31 13:44:44,071 STREAM b'iCCP' 41 3181
2021-10-31 13:44:44,071 iCCP profile name b'ICC Profile'
2021-10-31 13:44:44,071 Compression method 0
2021-10-31 13:44:44,071 STREAM b'eXIf' 3234 138
2021-10-31 13:44:44,071 STREAM b'pHYs' 3384 9
2021-10-31 13:44:44,071 STREAM b'iTXt' 3405 472
2021-10-31 13:44:44,071 STREAM b'iDOT' 3889 28
2021-10-31 13:44:44,071 b'iDOT' 3889 28 (unknown)
2021-10-31 13:44:44,071 STREAM b'IDAT' 3929 16384
2021-10-31 13:44:44,122 done recording audio...
2021-10-31 13:44:44,175 ended recording video...
2021-10-31 13:44:44,175 Screenshot taken: 14
2021-10-31 13:44:44,175 fps of the video: {FPS}
2021-10-31 13:44:44,791 recording output31_10_2021_13_44_44_deported.mov was written with succes.
2021-10-31 13:44:44,791 DELETE http://localhost:58526/session/16789d89daaa7358a017da8ecc67d023 {}
2021-10-31 13:44:44,843 http://localhost:58526 "DELETE /session/16789d89daaa7358a017da8ecc67d023 HTTP/1.1" 200 14
2021-10-31 13:44:44,844 Finished Request
